[Sun Mar 30 08:04:15 AM PDT 2025] Performing git operations
[Sun Mar 30 08:04:15 AM PDT 2025] Fetching latest changes...
[Sun Mar 30 08:04:16 AM PDT 2025] Switching to master branch...
[Sun Mar 30 08:04:16 AM PDT 2025] ERROR: Failed to checkout master branch
[Sun Mar 30 08:04:16 AM PDT 2025] Script execution failed at step: git_checkout
[Sun Mar 30 08:04:16 AM PDT 2025] Scheduling system to go back to sleep in 10 minutes
[Sun Mar 30 08:11:50 AM PDT 2025] Performing git operations
[Sun Mar 30 08:11:50 AM PDT 2025] Fetching latest changes...
[Sun Mar 30 08:11:50 AM PDT 2025] Switching to master branch (force)...
[Sun Mar 30 08:11:50 AM PDT 2025] Clearing git index...
[Sun Mar 30 08:11:50 AM PDT 2025] Adding specific files to git staging area...
[Sun Mar 30 08:11:50 AM PDT 2025] Found latest HTML file: ./docs/stories/20250330-φιλόσοφος-καὶ-στρατηγὸς-ἐν-τῷ-λιμένι.html
[Sun Mar 30 08:11:50 AM PDT 2025] Adding index.html file: ./docs/index.html
[Sun Mar 30 08:11:50 AM PDT 2025] Committing changes...
[Sun Mar 30 08:11:50 AM PDT 2025] Force pushing to remote repository...
[Sun Mar 30 08:11:52 AM PDT 2025] Git push completed successfully
[Sun Mar 30 08:11:52 AM PDT 2025] Deactivating conda environment...
[Sun Mar 30 08:11:52 AM PDT 2025] All tasks completed successfully, going back to sleep in 10 minutes
[Sun Mar 30 08:11:52 AM PDT 2025] Scheduling system to go back to sleep in 10 minutes
[Sun Mar 30 09:25:00 AM PDT 2025] Performing git operations
[Sun Mar 30 09:25:00 AM PDT 2025] Searching for latest HTML file in ./docs...
[Sun Mar 30 09:25:01 AM PDT 2025] Found latest HTML file: ./docs/stories/20250330-μέτοικος-ἐν-ἀγρῷ-θύων-ἡ-δικαία-αἴτησις.html
[Sun Mar 30 09:25:01 AM PDT 2025] Fetching latest changes...
[Sun Mar 30 09:25:01 AM PDT 2025] Switching to master branch (force)...
[Sun Mar 30 09:25:01 AM PDT 2025] Resetting git index...
[Sun Mar 30 09:25:01 AM PDT 2025] Adding specific files to git staging area...
[Sun Mar 30 09:25:01 AM PDT 2025] Adding latest HTML file: [Sun Mar 30 09:25:00 AM PDT 2025] Searching for latest HTML file in ./docs...
[Sun Mar 30 09:25:01 AM PDT 2025] Found latest HTML file: ./docs/stories/20250330-μέτοικος-ἐν-ἀγρῷ-θύων-ἡ-δικαία-αἴτησις.html
./docs/stories/20250330-μέτοικος-ἐν-ἀγρῷ-θύων-ἡ-δικαία-αἴτησις.html
[Sun Mar 30 09:25:01 AM PDT 2025] ERROR: Failed to add latest HTML file to git staging
[Sun Mar 30 09:25:01 AM PDT 2025] Script execution failed at step: git_add_html
[Sun Mar 30 09:25:01 AM PDT 2025] Deactivating conda environment due to error...
[Sun Mar 30 09:25:01 AM PDT 2025] Scheduling system to go back to sleep in 10 minutes
[Sun Mar 30 09:38:50 AM PDT 2025] Performing git operations
[Sun Mar 30 09:38:50 AM PDT 2025] Found latest HTML file: ./docs/stories/20250330-ὁ-γεωργὸς-ἐν-τῷ-δικαστηρίῳ.html
[Sun Mar 30 09:38:50 AM PDT 2025] Fetching latest changes...
[Sun Mar 30 09:38:50 AM PDT 2025] Switching to master branch (force)...
[Sun Mar 30 09:38:50 AM PDT 2025] Resetting git index...
[Sun Mar 30 09:38:50 AM PDT 2025] Adding specific files to git staging area...
[Sun Mar 30 09:38:50 AM PDT 2025] Adding latest HTML file: ./docs/stories/20250330-ὁ-γεωργὸς-ἐν-τῷ-δικαστηρίῳ.html
[Sun Mar 30 09:38:50 AM PDT 2025] Adding index.html file: ./docs/index.html
[Sun Mar 30 09:38:50 AM PDT 2025] Checking for staged changes...
[Sun Mar 30 09:38:50 AM PDT 2025] Committing changes...
[Sun Mar 30 09:38:50 AM PDT 2025] Force pushing to remote repository...
[Sun Mar 30 09:38:51 AM PDT 2025] Git push completed successfully
[Sun Mar 30 09:38:51 AM PDT 2025] Deactivating conda environment...
[Sun Mar 30 09:38:51 AM PDT 2025] Conda environment deactivated successfully
[Sun Mar 30 09:38:51 AM PDT 2025] All tasks completed successfully, going back to sleep in 10 minutes
[Sun Mar 30 09:38:51 AM PDT 2025] Scheduling system to go back to sleep in 10 minutes
